1	1886284	1886094	1	1886284	1886094	99.99	2569357	2566729	73.41	73.48	ENA|OBMB01000001|OBMB01000001.1	tig00000001
17517	17920	1866963	1866561	404	403	99.75	2569357	2566729	0.02	0.02	ENA|OBMB01000001|OBMB01000001.1	tig00000001
19131	19534	1868577	1868174	404	404	100.00	2569357	2566729	0.02	0.02	ENA|OBMB01000001|OBMB01000001.1	tig00000001
21045	21650	1764329	1763724	606	606	89.93	2569357	2566729	0.02	0.02	ENA|OBMB01000001|OBMB01000001.1	tig00000001
56818	57459	1828853	1828211	642	643	70.76	2569357	2566729	0.02	0.03	ENA|OBMB01000001|OBMB01000001.1	tig00000001
56821	57094	1828484	1828211	274	274	74.48	2569357	2566729	0.01	0.01	ENA|OBMB01000001|OBMB01000001.1	tig00000001
56823	57033	1828421	1828211	211	211	71.56	2569357	2566729	0.01	0.01	ENA|OBMB01000001|OBMB01000001.1	tig00000001
56823	57398	1828787	1828211	576	577	72.23	2569357	2566729	0.02	0.02	ENA|OBMB01000001|OBMB01000001.1	tig00000001
56823	57581	1828969	1828211	759	759	71.75	2569357	2566729	0.03	0.03	ENA|OBMB01000001|OBMB01000001.1	tig00000001
56823	57642	1829030	1828211	820	820	70.41	2569357	2566729	0.03	0.03	ENA|OBMB01000001|OBMB01000001.1	tig00000001
56824	56972	1828359	1828211	149	149	72.33	2569357	2566729	0.01	0.01	ENA|OBMB01000001|OBMB01000001.1	tig00000001
56824	57155	1828542	1828211	332	332	71.63	2569357	2566729	0.01	0.01	ENA|OBMB01000001|OBMB01000001.1	tig00000001
56824	57215	1828603	1828211	392	393	71.71	2569357	2566729	0.02	0.02	ENA|OBMB01000001|OBMB01000001.1	tig00000001
56824	57276	1828664	1828211	453	454	72.50	2569357	2566729	0.02	0.02	ENA|OBMB01000001|OBMB01000001.1	tig00000001
56824	57337	1828725	1828211	514	515	72.27	2569357	2566729	0.02	0.02	ENA|OBMB01000001|OBMB01000001.1	tig00000001
56824	57520	1828908	1828211	697	698	70.94	2569357	2566729	0.03	0.03	ENA|OBMB01000001|OBMB01000001.1	tig00000001
56824	57703	1829090	1828211	880	880	71.52	2569357	2566729	0.03	0.03	ENA|OBMB01000001|OBMB01000001.1	tig00000001
56824	57764	1829151	1828211	941	941	71.73	2569357	2566729	0.04	0.04	ENA|OBMB01000001|OBMB01000001.1	tig00000001
56824	57825	1829212	1828211	1002	1002	71.08	2569357	2566729	0.04	0.04	ENA|OBMB01000001|OBMB01000001.1	tig00000001
56885	57886	1829273	1828272	1002	1002	71.08	2569357	2566729	0.04	0.04	ENA|OBMB01000001|OBMB01000001.1	tig00000001
56946	57886	1829273	1828333	941	941	71.73	2569357	2566729	0.04	0.04	ENA|OBMB01000001|OBMB01000001.1	tig00000001
57007	57886	1829273	1828394	880	880	71.52	2569357	2566729	0.03	0.03	ENA|OBMB01000001|OBMB01000001.1	tig00000001
57067	57886	1829274	1828455	820	820	70.41	2569357	2566729	0.03	0.03	ENA|OBMB01000001|OBMB01000001.1	tig00000001
57128	57886	1829274	1828516	759	759	71.75	2569357	2566729	0.03	0.03	ENA|OBMB01000001|OBMB01000001.1	tig00000001
57189	57886	1829273	1828577	698	697	71.02	2569357	2566729	0.03	0.03	ENA|OBMB01000001|OBMB01000001.1	tig00000001
57244	57886	1829279	1828638	643	642	70.76	2569357	2566729	0.03	0.03	ENA|OBMB01000001|OBMB01000001.1	tig00000001
57310	57886	1829274	1828699	577	576	72.19	2569357	2566729	0.02	0.02	ENA|OBMB01000001|OBMB01000001.1	tig00000001
57372	57886	1829273	1828760	515	514	72.27	2569357	2566729	0.02	0.02	ENA|OBMB01000001|OBMB01000001.1	tig00000001
57433	57886	1829273	1828821	454	453	72.50	2569357	2566729	0.02	0.02	ENA|OBMB01000001|OBMB01000001.1	tig00000001
57494	57886	1829273	1828882	393	392	71.78	2569357	2566729	0.02	0.02	ENA|OBMB01000001|OBMB01000001.1	tig00000001
57555	57886	1829273	1828942	332	332	71.63	2569357	2566729	0.01	0.01	ENA|OBMB01000001|OBMB01000001.1	tig00000001
57613	57886	1829276	1829003	274	274	74.48	2569357	2566729	0.01	0.01	ENA|OBMB01000001|OBMB01000001.1	tig00000001
57676	57886	1829274	1829064	211	211	71.56	2569357	2566729	0.01	0.01	ENA|OBMB01000001|OBMB01000001.1	tig00000001
57738	57886	1829273	1829125	149	149	72.33	2569357	2566729	0.01	0.01	ENA|OBMB01000001|OBMB01000001.1	tig00000001
121772	122377	1865050	1864445	606	606	89.93	2569357	2566729	0.02	0.02	ENA|OBMB01000001|OBMB01000001.1	tig00000001
123570	126470	1128137	1131036	2901	2900	83.45	2569357	2566729	0.11	0.11	ENA|OBMB01000001|OBMB01000001.1	tig00000001
129523	130342	1140955	1141774	820	820	81.39	2569357	2566729	0.03	0.03	ENA|OBMB01000001|OBMB01000001.1	tig00000001
144470	144803	1736354	1736028	334	327	87.76	2569357	2566729	0.01	0.01	ENA|OBMB01000001|OBMB01000001.1	tig00000001
149750	150076	1741633	1741300	327	334	87.76	2569357	2566729	0.01	0.01	ENA|OBMB01000001|OBMB01000001.1	tig00000001
166097	167775	1136309	1137988	1679	1680	85.19	2569357	2566729	0.07	0.07	ENA|OBMB01000001|OBMB01000001.1	tig00000001
172221	192314	1713884	1693794	20094	20091	99.62	2569357	2566729	0.78	0.78	ENA|OBMB01000001|OBMB01000001.1	tig00000001
172224	192314	1713881	1693794	20091	20088	99.62	2569357	2566729	0.78	0.78	ENA|OBMB01000001|OBMB01000001.1	tig00000001
180709	180969	1702961	1703222	261	262	98.47	2569357	2566729	0.01	0.01	ENA|OBMB01000001|OBMB01000001.1	tig00000001
182886	183147	1705139	1705399	262	261	98.47	2569357	2566729	0.01	0.01	ENA|OBMB01000001|OBMB01000001.1	tig00000001
184500	185021	749363	748840	522	524	83.78	2569357	2566729	0.02	0.02	ENA|OBMB01000001|OBMB01000001.1	tig00000001
314079	315409	1103397	1104727	1331	1331	91.36	2569357	2566729	0.05	0.05	ENA|OBMB01000001|OBMB01000001.1	tig00000001
347817	348102	455368	455652	286	285	89.58	2569357	2566729	0.01	0.01	ENA|OBMB01000001|OBMB01000001.1	tig00000001
348106	348204	455744	455843	99	100	94.00	2569357	2566729	0.00	0.00	ENA|OBMB01000001|OBMB01000001.1	tig00000001
348205	349043	456053	456959	839	907	87.54	2569357	2566729	0.03	0.04	ENA|OBMB01000001|OBMB01000001.1	tig00000001
366308	371785	1444406	1449883	5478	5478	99.95	2569357	2566729	0.21	0.21	ENA|OBMB01000001|OBMB01000001.1	tig00000001
436250	441728	1514348	1519823	5479	5476	99.93	2569357	2566729	0.21	0.21	ENA|OBMB01000001|OBMB01000001.1	tig00000001
456769	457311	993336	992795	543	542	98.53	2569357	2566729	0.02	0.02	ENA|OBMB01000001|OBMB01000001.1	tig00000001
587290	588490	1281060	1279860	1201	1201	99.92	2569357	2566729	0.05	0.05	ENA|OBMB01000001|OBMB01000001.1	tig00000001
605093	606293	1298863	1297663	1201	1201	99.92	2569357	2566729	0.05	0.05	ENA|OBMB01000001|OBMB01000001.1	tig00000001
642395	642556	1243635	1243474	162	162	91.36	2569357	2566729	0.01	0.01	ENA|OBMB01000001|OBMB01000001.1	tig00000001
642521	642682	1243761	1243600	162	162	91.36	2569357	2566729	0.01	0.01	ENA|OBMB01000001|OBMB01000001.1	tig00000001
688142	688930	1194889	1194093	789	797	88.81	2569357	2566729	0.03	0.03	ENA|OBMB01000001|OBMB01000001.1	tig00000001
691272	692068	1198019	1197231	797	789	88.81	2569357	2566729	0.03	0.03	ENA|OBMB01000001|OBMB01000001.1	tig00000001
694184	694337	1191845	1191692	154	154	89.61	2569357	2566729	0.01	0.01	ENA|OBMB01000001|OBMB01000001.1	tig00000001
694184	694408	1191911	1191687	225	225	92.44	2569357	2566729	0.01	0.01	ENA|OBMB01000001|OBMB01000001.1	tig00000001
694250	694474	1191977	1191753	225	225	92.44	2569357	2566729	0.01	0.01	ENA|OBMB01000001|OBMB01000001.1	tig00000001
694316	694469	1191977	1191824	154	154	89.61	2569357	2566729	0.01	0.01	ENA|OBMB01000001|OBMB01000001.1	tig00000001
714698	715302	1166669	1166066	605	604	99.50	2569357	2566729	0.02	0.02	ENA|OBMB01000001|OBMB01000001.1	tig00000001
715299	716122	1163838	1163035	824	804	97.45	2569357	2566729	0.03	0.03	ENA|OBMB01000001|OBMB01000001.1	tig00000001
716119	716377	28981	28723	259	259	98.07	2569357	2566729	0.01	0.01	ENA|OBMB01000001|OBMB01000001.1	tig00000001
716119	716378	750494	750753	260	260	98.08	2569357	2566729	0.01	0.01	ENA|OBMB01000001|OBMB01000001.1	tig00000001
716119	716377	2061949	2061691	259	259	98.07	2569357	2566729	0.01	0.01	ENA|OBMB01000001|OBMB01000001.1	tig00000001
717172	718462	406782	405492	1291	1291	100.00	2569357	2566729	0.05	0.05	ENA|OBMB01000001|OBMB01000001.1	tig00000001
719492	720095	1171463	1170859	604	605	99.50	2569357	2566729	0.02	0.02	ENA|OBMB01000001|OBMB01000001.1	tig00000001
722324	723127	1170862	1170039	804	824	97.45	2569357	2566729	0.03	0.03	ENA|OBMB01000001|OBMB01000001.1	tig00000001
723371	723472	1160675	1160776	102	102	99.02	2569357	2566729	0.00	0.00	ENA|OBMB01000001|OBMB01000001.1	tig00000001
723472	723578	456960	457066	107	107	98.13	2569357	2566729	0.00	0.00	ENA|OBMB01000001|OBMB01000001.1	tig00000001
725386	725487	1162690	1162791	102	102	99.02	2569357	2566729	0.00	0.00	ENA|OBMB01000001|OBMB01000001.1	tig00000001
740354	741107	1135248	1134496	754	753	83.71	2569357	2566729	0.03	0.03	ENA|OBMB01000001|OBMB01000001.1	tig00000001
743124	743421	1132499	1132202	298	298	87.29	2569357	2566729	0.01	0.01	ENA|OBMB01000001|OBMB01000001.1	tig00000001
743584	744075	1132039	1131548	492	492	97.56	2569357	2566729	0.02	0.02	ENA|OBMB01000001|OBMB01000001.1	tig00000001
744389	745208	1755759	1756578	820	820	81.39	2569357	2566729	0.03	0.03	ENA|OBMB01000001|OBMB01000001.1	tig00000001
748176	749855	1718330	1720008	1680	1679	85.19	2569357	2566729	0.07	0.07	ENA|OBMB01000001|OBMB01000001.1	tig00000001
750916	751668	1145809	1145056	753	754	83.73	2569357	2566729	0.03	0.03	ENA|OBMB01000001|OBMB01000001.1	tig00000001
753665	753962	1143039	1142742	298	298	87.29	2569357	2566729	0.01	0.01	ENA|OBMB01000001|OBMB01000001.1	tig00000001
754125	754616	1142579	1142088	492	492	97.56	2569357	2566729	0.02	0.02	ENA|OBMB01000001|OBMB01000001.1	tig00000001
755128	758027	1759631	1762531	2900	2901	83.45	2569357	2566729	0.11	0.11	ENA|OBMB01000001|OBMB01000001.1	tig00000001
781440	782770	1570718	1572048	1331	1331	91.36	2569357	2566729	0.05	0.05	ENA|OBMB01000001|OBMB01000001.1	tig00000001
831113	831377	1054934	1054670	265	265	89.06	2569357	2566729	0.01	0.01	ENA|OBMB01000001|OBMB01000001.1	tig00000001
831239	831503	1055060	1054796	265	265	89.06	2569357	2566729	0.01	0.01	ENA|OBMB01000001|OBMB01000001.1	tig00000001
892842	893383	1429369	1428827	542	543	98.53	2569357	2566729	0.02	0.02	ENA|OBMB01000001|OBMB01000001.1	tig00000001
1135444	1136835	28719	30110	1392	1392	99.93	2569357	2566729	0.05	0.05	ENA|OBMB01000001|OBMB01000001.1	tig00000001
1135447	1135706	1169783	1170042	260	260	98.08	2569357	2566729	0.01	0.01	ENA|OBMB01000001|OBMB01000001.1	tig00000001
1135448	1136835	2061691	2063078	1388	1388	100.00	2569357	2566729	0.05	0.05	ENA|OBMB01000001|OBMB01000001.1	tig00000001
1136837	1137360	1701608	1701087	524	522	83.78	2569357	2566729	0.02	0.02	ENA|OBMB01000001|OBMB01000001.1	tig00000001
1429156	1429262	1162584	1162690	107	107	98.13	2569357	2566729	0.00	0.00	ENA|OBMB01000001|OBMB01000001.1	tig00000001
1429263	1430169	1537085	1537923	907	839	87.54	2569357	2566729	0.04	0.03	ENA|OBMB01000001|OBMB01000001.1	tig00000001
1430379	1430489	1537924	1538034	111	111	92.79	2569357	2566729	0.00	0.00	ENA|OBMB01000001|OBMB01000001.1	tig00000001
1430578	1430854	1538034	1538311	277	278	89.29	2569357	2566729	0.01	0.01	ENA|OBMB01000001|OBMB01000001.1	tig00000001
1466477	1466630	419591	419438	154	154	90.32	2569357	2566729	0.01	0.01	ENA|OBMB01000001|OBMB01000001.1	tig00000001
1466632	1466785	419746	419593	154	154	90.32	2569357	2566729	0.01	0.01	ENA|OBMB01000001|OBMB01000001.1	tig00000001
1478520	1479016	404827	404333	497	495	88.98	2569357	2566729	0.02	0.02	ENA|OBMB01000001|OBMB01000001.1	tig00000001
1479444	1480734	1168989	1167699	1291	1291	100.00	2569357	2566729	0.05	0.05	ENA|OBMB01000001|OBMB01000001.1	tig00000001
1481399	1481893	407706	407210	495	497	88.98	2569357	2566729	0.02	0.02	ENA|OBMB01000001|OBMB01000001.1	tig00000001
1756917	1758040	2535785	2536892	1124	1108	83.32	2569357	2566729	0.04	0.04	ENA|OBMB01000001|OBMB01000001.1	tig00000001
1808842	1809762	1903079	1903999	921	921	85.75	2569357	2566729	0.04	0.04	ENA|OBMB01000001|OBMB01000001.1	tig00000001
1856170	1857561	749365	750756	1392	1392	99.93	2569357	2566729	0.05	0.05	ENA|OBMB01000001|OBMB01000001.1	tig00000001
1856170	1857560	2063078	2061688	1391	1391	100.00	2569357	2566729	0.05	0.05	ENA|OBMB01000001|OBMB01000001.1	tig00000001
1857299	1857557	1170042	1169784	259	259	98.07	2569357	2566729	0.01	0.01	ENA|OBMB01000001|OBMB01000001.1	tig00000001
1866325	2569357	2566729	1863740	703033	702990	99.99	2569357	2566729	27.36	27.39	ENA|OBMB01000001|OBMB01000001.1	tig00000001
1896165	1897273	128223	129346	1109	1124	83.32	2569357	2566729	0.04	0.04	ENA|OBMB01000001|OBMB01000001.1	tig00000001
2288716	2288858	2144234	2144092	143	143	100.00	2569357	2566729	0.01	0.01	ENA|OBMB01000001|OBMB01000001.1	tig00000001
2288858	2289000	2144376	2144234	143	143	100.00	2569357	2566729	0.01	0.01	ENA|OBMB01000001|OBMB01000001.1	tig00000001
2370020	2371410	30110	28720	1391	1391	100.00	2569357	2566729	0.05	0.05	ENA|OBMB01000001|OBMB01000001.1	tig00000001
2370020	2371407	749365	750752	1388	1388	100.00	2569357	2566729	0.05	0.05	ENA|OBMB01000001|OBMB01000001.1	tig00000001
2371149	2371407	1170042	1169784	259	259	98.07	2569357	2566729	0.01	0.01	ENA|OBMB01000001|OBMB01000001.1	tig00000001
2505891	2506843	1914971	1915923	953	953	83.70	2569357	2566729	0.04	0.04	ENA|OBMB01000001|OBMB01000001.1	tig00000001
2517182	2518134	1926262	1927214	953	953	83.70	2569357	2566729	0.04	0.04	ENA|OBMB01000001|OBMB01000001.1	tig00000001
2529105	2530025	76511	77431	921	921	85.75	2569357	2566729	0.04	0.04	ENA|OBMB01000001|OBMB01000001.1	tig00000001
2537563	2537670	1893448	1893341	108	108	100.00	2569357	2566729	0.00	0.00	ENA|OBMB01000001|OBMB01000001.1	tig00000001
2539656	2539763	1895541	1895434	108	108	100.00	2569357	2566729	0.00	0.00	ENA|OBMB01000001|OBMB01000001.1	tig00000001
2564530	2564933	1866963	1866561	404	403	99.75	2569357	2566729	0.02	0.02	ENA|OBMB01000001|OBMB01000001.1	tig00000001
2566137	2566539	1868577	1868174	403	404	99.75	2569357	2566729	0.02	0.02	ENA|OBMB01000001|OBMB01000001.1	tig00000001
2568051	2568655	1764329	1763724	605	606	89.77	2569357	2566729	0.02	0.02	ENA|OBMB01000001|OBMB01000001.1	tig00000001
1	18977	1847973	1866963	18977	18991	99.89	41174	2566729	46.09	0.74	ENA|OBMB01000002|OBMB01000002.1	tig00000001
16459	17064	1763724	1764329	606	606	89.93	41174	2566729	1.47	0.02	ENA|OBMB01000002|OBMB01000002.1	tig00000001
18575	41174	1868174	1890768	22600	22595	99.80	41174	2566729	54.89	0.88	ENA|OBMB01000002|OBMB01000002.1	tig00000001
