Aligning contigs to reference...
	Aligning contigs to the reference
Filtering alignments...
Parsing coords...
Loading reference...
	Loaded [ENA_OBMB01000001_OBMB01000001.1]
	Loaded [ENA_OBMB01000002_OBMB01000002.1]
	Total Regions: 2
	Total Region Length: 2610531
Analyzing contigs...
CONTIG: tig00000001 (2566729bp)
Best alignment score: 1885905.4 (LEN: 1886094, IDY: 99.99), Total number of alignments: 2
			Looking for the best set of alignments (out of 2 total alignments)
			The best set is below. Score: 2565972.3, number of alignments: 2, unaligned bases: 0
		This contig is misassembled.
			Excluding internal overlap of size 22355 between Alignment 1 and 2: 1866325 2569357 | 2566729 1863740 | 703033 702990 --> 1866325 2547009 | 2566729 1886095 | 680685 680635
			Real Alignment 1: 1 1886284 | 1886094 1 | 1886284 1886094 | 99.99 | ENA_OBMB01000001_OBMB01000001.1 tig00000001
			  Extensive misassembly (relocation, inconsistency = -2547009) between these two alignments
			Real Alignment 2: 1866325 2547009 | 2566729 1886095 | 680685 680635 | 99.99 | ENA_OBMB01000001_OBMB01000001.1 tig00000001

CONTIG: tig00000002 (51006bp)
		This contig is unaligned. (51006 bp)
		Unaligned bases: 51006 (number of Ns: 0)

Analyzing coverage...
Writing SNPs into /domus/h1/ritish/genomeanalysis/quast/quast_results/results_2022_08_27_16_03_29/contigs_reports/minimap_output/assembled_canu-contigs.used_snps.gz

Analysis is finished!
Founded SNPs were written into /domus/h1/ritish/genomeanalysis/quast/quast_results/results_2022_08_27_16_03_29/contigs_reports/minimap_output/assembled_canu-contigs.used_snps.gz

Results:
	Local Misassemblies: 0
	Misassemblies: 1
		Relocations: 1
		Translocations: 0
		Inversions: 0
	Scaffold gap extensive misassemblies: 0
	Scaffold gap local misassemblies: 0
	Misassembled Contigs: 1
	Misassembled Contig Bases: 2566729
	Misassemblies Inter-Contig Overlap: 0
Unaligned Contigs: 1 + 0 part
Half Unaligned Contigs with Misassemblies: 0
Unaligned Contig Bases: 51006

Ambiguously Mapped Contigs: 0
Total Bases in Ambiguously Mapped Contigs: 0
Extra Bases in Ambiguously Mapped Contigs: 0
Note that --allow-ambiguity option was set to "one" and only first alignment per each of these contigs was used.

	Covered Bases: 2547009

	SNPs: 1
	Insertions: 18
	Deletions: 258

