[2022-09-08 19:26:35,941] multiqc                                            [DEBUG  ]  This is MultiQC v1.12
[2022-09-08 19:26:35,942] multiqc                                            [DEBUG  ]  No MultiQC config found: /sw/bioinfo/MultiQC/1.12/rackham/lib/python3.8/site-packages/multiqc_config.yaml
[2022-09-08 19:26:35,942] multiqc                                            [DEBUG  ]  No MultiQC config found: /home/ritish/.multiqc_config.yaml
[2022-09-08 19:26:35,943] multiqc                                            [DEBUG  ]  No MultiQC config found: multiqc_config.yaml
[2022-09-08 19:26:35,943] multiqc                                            [DEBUG  ]  Command used: /sw/bioinfo/MultiQC/1.12/rackham/bin/multiqc .
[2022-09-08 19:26:36,579] multiqc                                            [DEBUG  ]  Latest MultiQC version is v1.12
[2022-09-08 19:26:36,579] multiqc                                            [DEBUG  ]  Command     : /sw/bioinfo/MultiQC/1.12/rackham/bin/multiqc .
[2022-09-08 19:26:36,579] multiqc                                            [DEBUG  ]  Working dir : /domus/h1/ritish/genomeanalysis/fastqc
[2022-09-08 19:26:36,579] multiqc                                            [DEBUG  ]  Template    : default
[2022-09-08 19:26:36,579] multiqc                                            [DEBUG  ]  Running Python 3.8.7 (default, Feb  1 2021, 11:54:01)  [GCC 8.3.0]
[2022-09-08 19:26:36,580] multiqc                                            [DEBUG  ]  Analysing modules: custom_content, ccs, ngsderive, purple, conpair, lima, peddy, somalier, methylQA, mosdepth, phantompeakqualtools, qualimap, preseq, quast, qorts, rna_seqc, rockhopper, rsem, rseqc, busco, bustools, goleft_indexcov, gffcompare, disambiguate, supernova, deeptools, sargasso, verifybamid, mirtrace, happy, mirtop, sambamba, homer, hops, macs2, theta2, snpeff, gatk, htseq, bcftools, featureCounts, fgbio, dragen, dedup, pbmarkdup, damageprofiler, biobambam2, jcvi, mtnucratio, picard, vep, sentieon, prokka, qc3C, nanostat, samblaster, samtools, sexdeterrmine, eigenstratdatabasetools, bamtools, jellyfish, vcftools, longranger, stacks, varscan2, snippy, bbmap, bismark, biscuit, hicexplorer, hicup, hicpro, salmon, kallisto, slamdunk, star, hisat2, tophat, bowtie2, bowtie1, snpsplit, odgi, pangolin, kat, leehom, adapterRemoval, clipandmerge, cutadapt, flexbar, kaiju, kraken, malt, trimmomatic, sickle, skewer, sortmerna, biobloomtools, fastq_screen, afterqc, fastp, fastqc, pychopper, pycoqc, minionqc, multivcfanalyzer, clusterflow, checkqc, bcl2fastq, bclconvert, interop, ivar, flash, seqyclean, optitype, whatshap
[2022-09-08 19:26:36,580] multiqc                                            [DEBUG  ]  Using temporary directory for creating report: /scratch/tmp2i27qfyt
[2022-09-08 19:26:36,756] multiqc                                            [INFO   ]  Search path : /domus/h1/ritish/genomeanalysis/fastqc
[2022-09-08 19:26:36,843] multiqc                                            [DEBUG  ]  File ignored by ccs/v4 because it exceeded search pattern filesize limit: slurm-6891176.out
[2022-09-08 19:26:36,847] multiqc                                            [DEBUG  ]  File ignored by hicexplorer because it exceeded search pattern filesize limit: slurm-6891176.out
[2022-09-08 19:26:36,847] multiqc                                            [DEBUG  ]  File ignored by lima/summary because it exceeded search pattern filesize limit: slurm-6891176.out
[2022-09-08 19:26:36,855] multiqc                                            [DEBUG  ]  File ignored by longranger/invocation because it exceeded search pattern filesize limit: slurm-6891176.out
[2022-09-08 19:26:36,875] multiqc                                            [DEBUG  ]  File ignored by nanostat because it exceeded search pattern filesize limit: slurm-6891176.out
[2022-09-08 19:26:36,897] multiqc                                            [DEBUG  ]  File ignored by ccs/v4 because it exceeded search pattern filesize limit: ERR2036629_2_fastqc.html
[2022-09-08 19:26:36,901] multiqc                                            [DEBUG  ]  File ignored by hicexplorer because it exceeded search pattern filesize limit: ERR2036629_2_fastqc.html
[2022-09-08 19:26:36,902] multiqc                                            [DEBUG  ]  File ignored by lima/summary because it exceeded search pattern filesize limit: ERR2036629_2_fastqc.html
[2022-09-08 19:26:36,909] multiqc                                            [DEBUG  ]  File ignored by vep/vep_txt because it exceeded search pattern filesize limit: ERR2036629_2_fastqc.html
[2022-09-08 19:26:36,910] multiqc                                            [DEBUG  ]  File ignored by longranger/invocation because it exceeded search pattern filesize limit: ERR2036629_2_fastqc.html
[2022-09-08 19:26:36,959] multiqc                                            [DEBUG  ]  File ignored by nanostat because it exceeded search pattern filesize limit: ERR2036629_2_fastqc.html
[2022-09-08 19:26:36,987] multiqc                                            [DEBUG  ]  File ignored by ccs/v4 because it exceeded search pattern filesize limit: ERR2036629_1_fastqc.html
[2022-09-08 19:26:36,992] multiqc                                            [DEBUG  ]  File ignored by hicexplorer because it exceeded search pattern filesize limit: ERR2036629_1_fastqc.html
[2022-09-08 19:26:36,992] multiqc                                            [DEBUG  ]  File ignored by lima/summary because it exceeded search pattern filesize limit: ERR2036629_1_fastqc.html
[2022-09-08 19:26:37,000] multiqc                                            [DEBUG  ]  File ignored by vep/vep_txt because it exceeded search pattern filesize limit: ERR2036629_1_fastqc.html
[2022-09-08 19:26:37,000] multiqc                                            [DEBUG  ]  File ignored by longranger/invocation because it exceeded search pattern filesize limit: ERR2036629_1_fastqc.html
[2022-09-08 19:26:37,053] multiqc                                            [DEBUG  ]  File ignored by nanostat because it exceeded search pattern filesize limit: ERR2036629_1_fastqc.html
[2022-09-08 19:26:37,077] multiqc                                            [DEBUG  ]  File ignored by ccs/v4 because it exceeded search pattern filesize limit: ERR2036630_2_fastqc.html
[2022-09-08 19:26:37,081] multiqc                                            [DEBUG  ]  File ignored by hicexplorer because it exceeded search pattern filesize limit: ERR2036630_2_fastqc.html
[2022-09-08 19:26:37,081] multiqc                                            [DEBUG  ]  File ignored by lima/summary because it exceeded search pattern filesize limit: ERR2036630_2_fastqc.html
[2022-09-08 19:26:37,089] multiqc                                            [DEBUG  ]  File ignored by vep/vep_txt because it exceeded search pattern filesize limit: ERR2036630_2_fastqc.html
[2022-09-08 19:26:37,090] multiqc                                            [DEBUG  ]  File ignored by longranger/invocation because it exceeded search pattern filesize limit: ERR2036630_2_fastqc.html
[2022-09-08 19:26:37,140] multiqc                                            [DEBUG  ]  File ignored by nanostat because it exceeded search pattern filesize limit: ERR2036630_2_fastqc.html
[2022-09-08 19:26:37,154] multiqc                                            [DEBUG  ]  File ignored by ccs/v4 because it exceeded search pattern filesize limit: ERR2036630_1_fastqc.html
[2022-09-08 19:26:37,158] multiqc                                            [DEBUG  ]  File ignored by hicexplorer because it exceeded search pattern filesize limit: ERR2036630_1_fastqc.html
[2022-09-08 19:26:37,159] multiqc                                            [DEBUG  ]  File ignored by lima/summary because it exceeded search pattern filesize limit: ERR2036630_1_fastqc.html
[2022-09-08 19:26:37,166] multiqc                                            [DEBUG  ]  File ignored by vep/vep_txt because it exceeded search pattern filesize limit: ERR2036630_1_fastqc.html
[2022-09-08 19:26:37,166] multiqc                                            [DEBUG  ]  File ignored by longranger/invocation because it exceeded search pattern filesize limit: ERR2036630_1_fastqc.html
[2022-09-08 19:26:37,222] multiqc                                            [DEBUG  ]  File ignored by nanostat because it exceeded search pattern filesize limit: ERR2036630_1_fastqc.html
[2022-09-08 19:26:37,256] multiqc                                            [DEBUG  ]  File ignored by ccs/v4 because it exceeded search pattern filesize limit: ERR2036631_1_fastqc.html
[2022-09-08 19:26:37,260] multiqc                                            [DEBUG  ]  File ignored by hicexplorer because it exceeded search pattern filesize limit: ERR2036631_1_fastqc.html
[2022-09-08 19:26:37,260] multiqc                                            [DEBUG  ]  File ignored by lima/summary because it exceeded search pattern filesize limit: ERR2036631_1_fastqc.html
[2022-09-08 19:26:37,267] multiqc                                            [DEBUG  ]  File ignored by vep/vep_txt because it exceeded search pattern filesize limit: ERR2036631_1_fastqc.html
[2022-09-08 19:26:37,268] multiqc                                            [DEBUG  ]  File ignored by longranger/invocation because it exceeded search pattern filesize limit: ERR2036631_1_fastqc.html
[2022-09-08 19:26:37,319] multiqc                                            [DEBUG  ]  File ignored by nanostat because it exceeded search pattern filesize limit: ERR2036631_1_fastqc.html
[2022-09-08 19:26:37,341] multiqc                                            [DEBUG  ]  File ignored by ccs/v4 because it exceeded search pattern filesize limit: ERR2036631_2_fastqc.html
[2022-09-08 19:26:37,345] multiqc                                            [DEBUG  ]  File ignored by hicexplorer because it exceeded search pattern filesize limit: ERR2036631_2_fastqc.html
[2022-09-08 19:26:37,345] multiqc                                            [DEBUG  ]  File ignored by lima/summary because it exceeded search pattern filesize limit: ERR2036631_2_fastqc.html
[2022-09-08 19:26:37,353] multiqc                                            [DEBUG  ]  File ignored by vep/vep_txt because it exceeded search pattern filesize limit: ERR2036631_2_fastqc.html
[2022-09-08 19:26:37,353] multiqc                                            [DEBUG  ]  File ignored by longranger/invocation because it exceeded search pattern filesize limit: ERR2036631_2_fastqc.html
[2022-09-08 19:26:37,404] multiqc                                            [DEBUG  ]  File ignored by nanostat because it exceeded search pattern filesize limit: ERR2036631_2_fastqc.html
[2022-09-08 19:26:37,430] multiqc                                            [DEBUG  ]  File ignored by ccs/v4 because it exceeded search pattern filesize limit: ERR2036632_2_fastqc.html
[2022-09-08 19:26:37,434] multiqc                                            [DEBUG  ]  File ignored by hicexplorer because it exceeded search pattern filesize limit: ERR2036632_2_fastqc.html
[2022-09-08 19:26:37,434] multiqc                                            [DEBUG  ]  File ignored by lima/summary because it exceeded search pattern filesize limit: ERR2036632_2_fastqc.html
[2022-09-08 19:26:37,442] multiqc                                            [DEBUG  ]  File ignored by vep/vep_txt because it exceeded search pattern filesize limit: ERR2036632_2_fastqc.html
[2022-09-08 19:26:37,442] multiqc                                            [DEBUG  ]  File ignored by longranger/invocation because it exceeded search pattern filesize limit: ERR2036632_2_fastqc.html
[2022-09-08 19:26:37,494] multiqc                                            [DEBUG  ]  File ignored by nanostat because it exceeded search pattern filesize limit: ERR2036632_2_fastqc.html
[2022-09-08 19:26:37,518] multiqc                                            [DEBUG  ]  File ignored by ccs/v4 because it exceeded search pattern filesize limit: ERR2036632_1_fastqc.html
[2022-09-08 19:26:37,523] multiqc                                            [DEBUG  ]  File ignored by hicexplorer because it exceeded search pattern filesize limit: ERR2036632_1_fastqc.html
[2022-09-08 19:26:37,524] multiqc                                            [DEBUG  ]  File ignored by lima/summary because it exceeded search pattern filesize limit: ERR2036632_1_fastqc.html
[2022-09-08 19:26:37,533] multiqc                                            [DEBUG  ]  File ignored by vep/vep_txt because it exceeded search pattern filesize limit: ERR2036632_1_fastqc.html
[2022-09-08 19:26:37,533] multiqc                                            [DEBUG  ]  File ignored by longranger/invocation because it exceeded search pattern filesize limit: ERR2036632_1_fastqc.html
[2022-09-08 19:26:37,583] multiqc                                            [DEBUG  ]  File ignored by nanostat because it exceeded search pattern filesize limit: ERR2036632_1_fastqc.html
[2022-09-08 19:26:37,613] multiqc                                            [DEBUG  ]  File ignored by ccs/v4 because it exceeded search pattern filesize limit: ERR2036633_1_fastqc.html
[2022-09-08 19:26:37,618] multiqc                                            [DEBUG  ]  File ignored by hicexplorer because it exceeded search pattern filesize limit: ERR2036633_1_fastqc.html
[2022-09-08 19:26:37,619] multiqc                                            [DEBUG  ]  File ignored by lima/summary because it exceeded search pattern filesize limit: ERR2036633_1_fastqc.html
[2022-09-08 19:26:37,626] multiqc                                            [DEBUG  ]  File ignored by vep/vep_txt because it exceeded search pattern filesize limit: ERR2036633_1_fastqc.html
[2022-09-08 19:26:37,626] multiqc                                            [DEBUG  ]  File ignored by longranger/invocation because it exceeded search pattern filesize limit: ERR2036633_1_fastqc.html
[2022-09-08 19:26:37,680] multiqc                                            [DEBUG  ]  File ignored by nanostat because it exceeded search pattern filesize limit: ERR2036633_1_fastqc.html
[2022-09-08 19:26:37,696] multiqc                                            [DEBUG  ]  File ignored by ccs/v4 because it exceeded search pattern filesize limit: ERR2036633_2_fastqc.html
[2022-09-08 19:26:37,700] multiqc                                            [DEBUG  ]  File ignored by hicexplorer because it exceeded search pattern filesize limit: ERR2036633_2_fastqc.html
[2022-09-08 19:26:37,701] multiqc                                            [DEBUG  ]  File ignored by lima/summary because it exceeded search pattern filesize limit: ERR2036633_2_fastqc.html
[2022-09-08 19:26:37,708] multiqc                                            [DEBUG  ]  File ignored by vep/vep_txt because it exceeded search pattern filesize limit: ERR2036633_2_fastqc.html
[2022-09-08 19:26:37,709] multiqc                                            [DEBUG  ]  File ignored by longranger/invocation because it exceeded search pattern filesize limit: ERR2036633_2_fastqc.html
[2022-09-08 19:26:37,759] multiqc                                            [DEBUG  ]  File ignored by nanostat because it exceeded search pattern filesize limit: ERR2036633_2_fastqc.html
[2022-09-08 19:26:39,955] multiqc.plots.linegraph                            [DEBUG  ]  Using matplotlib version 3.3.4
[2022-09-08 19:26:39,956] multiqc.plots.bargraph                             [DEBUG  ]  Using matplotlib version 3.3.4
[2022-09-08 19:26:40,394] multiqc.modules.fastqc.fastqc                      [INFO   ]  Found 10 reports
[2022-09-08 19:26:40,658] multiqc                                            [INFO   ]  Compressing plot data
[2022-09-08 19:26:40,904] multiqc                                            [INFO   ]  Report      : multiqc_report.html
[2022-09-08 19:26:40,905] multiqc                                            [INFO   ]  Data        : multiqc_data
[2022-09-08 19:26:40,905] multiqc                                            [DEBUG  ]  Moving data file from '/scratch/tmp2i27qfyt/multiqc_data' to '/domus/h1/ritish/genomeanalysis/fastqc/multiqc_data'
[2022-09-08 19:26:41,103] multiqc                                            [INFO   ]  MultiQC complete
